06/07/2024 16:46:58 [INFO]: HTTP Server listening on port 3000
06/07/2024 16:46:58 [INFO]: WebSocket Server listening on port 8080
06/07/2024 16:46:58 [INFO]: Client WebSocket Server listening on port 8050
06/07/2024 16:48:11 [INFO]: HTTP Server listening on port 3000
06/07/2024 16:48:11 [INFO]: WebSocket Server listening on port 8080
06/07/2024 16:48:11 [INFO]: Client WebSocket Server listening on port 8050
06/07/2024 16:49:08 [INFO]: HTTP Server listening on port 3000
06/07/2024 16:49:08 [INFO]: WebSocket Server listening on port 8080
06/07/2024 16:49:08 [INFO]: Client WebSocket Server listening on port 8050
06/07/2024 16:50:15 [INFO]: HTTP Server listening on port 3000
06/07/2024 16:50:15 [INFO]: WebSocket Server listening on port 8080
06/07/2024 16:50:15 [INFO]: Client WebSocket Server listening on port 8050
06/07/2024 16:51:41 [INFO]: HTTP Server listening on port 3000
06/07/2024 16:51:41 [INFO]: WebSocket Server listening on port 8080
06/07/2024 16:51:41 [INFO]: Client WebSocket Server listening on port 8050
06/07/2024 16:52:26 [INFO]: HTTP Server listening on port 3000
06/07/2024 16:52:26 [INFO]: WebSocket Server listening on port 8080
06/07/2024 16:52:26 [INFO]: Client WebSocket Server listening on port 8050
06/07/2024 16:53:42 [INFO]: HTTP Server listening on port 3000
06/07/2024 16:53:42 [INFO]: WebSocket Server listening on port 8080
06/07/2024 16:53:42 [INFO]: Client WebSocket Server listening on port 8050
06/07/2024 16:55:23 [INFO]: HTTP Server listening on port 3000
06/07/2024 16:55:23 [INFO]: WebSocket Server listening on port 8080
06/07/2024 16:55:23 [INFO]: Client WebSocket Server listening on port 8050
06/07/2024 16:55:30 [INFO]: HTTP Server listening on port 3000
06/07/2024 16:55:30 [INFO]: WebSocket Server listening on port 8080
06/07/2024 16:55:30 [INFO]: Client WebSocket Server listening on port 8050
06/07/2024 16:57:06 [INFO]: HTTP Server listening on port 3000
06/07/2024 16:57:06 [INFO]: WebSocket Server listening on port 8080
06/07/2024 16:57:06 [INFO]: Client WebSocket Server listening on port 8050
06/07/2024 16:57:47 [INFO]: HTTP Server listening on port 3000
06/07/2024 16:59:14 [INFO]: HTTP Server listening on port 3000
06/07/2024 17:14:20 [INFO]: HTTP Server listening on port 3000
06/07/2024 17:14:56 [INFO]: HTTP Server listening on port 3000
06/07/2024 17:15:34 [INFO]: HTTP Server listening on port 3000
06/07/2024 17:20:22 [INFO]: HTTP Server listening on port 9098
06/07/2024 17:31:04 [INFO]: HTTP Server listening on port 9098
06/07/2024 17:31:22 [INFO]: HTTP Server listening on port 9098
06/07/2024 17:31:37 [INFO]: HTTP Server listening on port 9098
06/07/2024 17:32:12 [INFO]: HTTP Server listening on port 9098
06/07/2024 17:34:00 [INFO]: HTTP Server listening on port 9098
06/07/2024 17:35:51 [INFO]: HTTP Server listening on port 9098
06/07/2024 17:37:06 [INFO]: HTTP Server listening on port 9098
06/07/2024 17:39:43 [INFO]: HTTP Server listening on port 9098
06/07/2024 17:40:00 [INFO]: HTTP Server listening on port 9098
06/07/2024 17:40:19 [INFO]: HTTP Server listening on port 9098
06/07/2024 17:41:20 [INFO]: HTTP Server listening on port 9098
06/07/2024 17:42:47 [INFO]: HTTP Server listening on port 9098
06/07/2024 17:43:04 [INFO]: HTTP Server listening on port 9098
06/07/2024 17:44:22 [INFO]: HTTP Server listening on port 9098
06/07/2024 17:44:38 [INFO]: HTTP Server listening on port 9098
06/07/2024 17:44:46 [INFO]: HTTP Server listening on port 9098
06/07/2024 17:46:19 [INFO]: HTTP Server listening on port 9098
06/07/2024 17:47:57 [INFO]: HTTP Server listening on port 9098
06/07/2024 17:49:07 [INFO]: HTTP Server listening on port 9098
06/07/2024 17:49:23 [INFO]: HTTP Server listening on port 9098
06/07/2024 17:49:33 [INFO]: HTTP Server listening on port 9098
06/07/2024 17:52:11 [INFO]: HTTP Server listening on port 9098
06/07/2024 17:54:42 [INFO]: HTTP Server listening on port 9098
06/07/2024 17:55:08 [INFO]: HTTP Server listening on port 9098
06/07/2024 17:55:36 [INFO]: HTTP Server listening on port 9098
06/07/2024 17:56:59 [INFO]: HTTP Server listening on port 9098
06/07/2024 17:59:02 [INFO]: HTTP Server listening on port 9098
06/07/2024 17:59:55 [INFO]: HTTP Server listening on port 9098
08/07/2024 17:00:39 [INFO]: HTTP Server listening on port 9098
09/07/2024 11:52:38 [INFO]: HTTP Server listening on port 9098
09/07/2024 11:55:04 [INFO]: HTTP Server listening on port 9098
09/07/2024 11:57:06 [INFO]: HTTP Server listening on port 9098
09/07/2024 11:57:41 [INFO]: HTTP Server listening on port 9098
09/07/2024 11:58:08 [INFO]: HTTP Server listening on port 9098
09/07/2024 12:02:43 [INFO]: HTTP Server listening on port 9098
09/07/2024 12:04:02 [INFO]: HTTP Server listening on port 9098
09/07/2024 12:06:05 [INFO]: HTTP Server listening on port 9098
09/07/2024 12:13:36 [INFO]: HTTP Server listening on port 9098
09/07/2024 12:16:28 [INFO]: HTTP Server listening on port 9098
09/07/2024 12:17:08 [INFO]: HTTP Server listening on port 9098
09/07/2024 12:17:33 [INFO]: HTTP Server listening on port 9098
09/07/2024 12:19:29 [INFO]: HTTP Server listening on port 9098
09/07/2024 12:19:58 [INFO]: HTTP Server listening on port 9098
09/07/2024 12:20:43 [INFO]: HTTP Server listening on port 9098
09/07/2024 12:21:22 [INFO]: HTTP Server listening on port 9098
09/07/2024 12:21:26 [INFO]: HTTP Server listening on port 9098
09/07/2024 12:21:30 [ERROR]: Error fetching user: TypeError: Cannot read properties of undefined (reading 'status')
09/07/2024 12:21:58 [INFO]: HTTP Server listening on port 9098
09/07/2024 12:22:28 [INFO]: HTTP Server listening on port 9098
09/07/2024 12:23:10 [INFO]: HTTP Server listening on port 9098
09/07/2024 12:23:16 [INFO]: HTTP Server listening on port 9098
09/07/2024 12:24:30 [INFO]: HTTP Server listening on port 9098
09/07/2024 12:25:12 [INFO]: HTTP Server listening on port 9098
09/07/2024 12:25:39 [INFO]: HTTP Server listening on port 9098
09/07/2024 12:26:00 [INFO]: HTTP Server listening on port 9098
09/07/2024 12:26:38 [INFO]: HTTP Server listening on port 9098
09/07/2024 12:27:00 [INFO]: HTTP Server listening on port 9098
09/07/2024 12:27:42 [INFO]: HTTP Server listening on port 9098
09/07/2024 12:27:49 [INFO]: HTTP Server listening on port 9098
09/07/2024 12:28:03 [INFO]: HTTP Server listening on port 9098
09/07/2024 12:29:22 [INFO]: HTTP Server listening on port 9098
09/07/2024 12:29:44 [INFO]: HTTP Server listening on port 9098
09/07/2024 12:30:21 [INFO]: HTTP Server listening on port 9098
09/07/2024 12:30:36 [INFO]: HTTP Server listening on port 9098
09/07/2024 12:32:26 [INFO]: HTTP Server listening on port 9098
09/07/2024 12:33:02 [INFO]: HTTP Server listening on port 9098
09/07/2024 12:33:44 [INFO]: HTTP Server listening on port 9098
09/07/2024 12:34:25 [INFO]: HTTP Server listening on port 9098
09/07/2024 12:34:50 [INFO]: HTTP Server listening on port 9098
09/07/2024 12:35:11 [INFO]: HTTP Server listening on port 9098
09/07/2024 12:35:31 [INFO]: HTTP Server listening on port 9098
09/07/2024 12:35:51 [INFO]: HTTP Server listening on port 9098
09/07/2024 12:36:34 [INFO]: HTTP Server listening on port 9098
09/07/2024 12:37:34 [INFO]: HTTP Server listening on port 9098
09/07/2024 12:37:52 [INFO]: HTTP Server listening on port 9098
09/07/2024 12:38:00 [INFO]: HTTP Server listening on port 9098
09/07/2024 12:41:21 [INFO]: HTTP Server listening on port 9098
09/07/2024 12:44:18 [INFO]: HTTP Server listening on port 9098
09/07/2024 12:44:57 [INFO]: HTTP Server listening on port 9098
09/07/2024 12:46:02 [INFO]: HTTP Server listening on port 9098
09/07/2024 12:46:36 [INFO]: HTTP Server listening on port 9098
09/07/2024 14:05:33 [INFO]: HTTP Server listening on port 9098
09/07/2024 14:07:11 [INFO]: HTTP Server listening on port 9098
09/07/2024 14:07:41 [INFO]: HTTP Server listening on port 9098
09/07/2024 14:07:57 [INFO]: HTTP Server listening on port 9098
09/07/2024 14:09:44 [INFO]: HTTP Server listening on port 9098
09/07/2024 14:10:29 [INFO]: HTTP Server listening on port 9098
09/07/2024 14:10:50 [INFO]: HTTP Server listening on port 9098
09/07/2024 14:11:49 [INFO]: HTTP Server listening on port 9098
09/07/2024 14:14:42 [INFO]: HTTP Server listening on port 9098
09/07/2024 14:15:10 [INFO]: HTTP Server listening on port 9098
09/07/2024 14:17:30 [INFO]: HTTP Server listening on port 9098
09/07/2024 14:17:35 [INFO]: HTTP Server listening on port 9098
09/07/2024 14:17:42 [INFO]: HTTP Server listening on port 9098
09/07/2024 14:19:16 [INFO]: HTTP Server listening on port 9098
09/07/2024 14:21:02 [INFO]: HTTP Server listening on port 9098
09/07/2024 14:21:30 [INFO]: HTTP Server listening on port 9098
09/07/2024 14:24:59 [INFO]: HTTP Server listening on port 9098
09/07/2024 14:25:22 [INFO]: HTTP Server listening on port 9098
09/07/2024 14:26:23 [INFO]: HTTP Server listening on port 9098
09/07/2024 14:29:12 [INFO]: HTTP Server listening on port 9098
09/07/2024 14:29:28 [INFO]: HTTP Server listening on port 9098
09/07/2024 14:30:09 [INFO]: HTTP Server listening on port 9098
09/07/2024 14:31:07 [INFO]: HTTP Server listening on port 9098
09/07/2024 14:31:31 [INFO]: HTTP Server listening on port 9098
09/07/2024 14:31:51 [INFO]: HTTP Server listening on port 9098
09/07/2024 14:35:06 [INFO]: HTTP Server listening on port 9098
09/07/2024 14:43:07 [INFO]: HTTP Server listening on port 9098
09/07/2024 14:45:23 [INFO]: HTTP Server listening on port 9098
09/07/2024 14:49:13 [INFO]: HTTP Server listening on port 9098
09/07/2024 14:50:24 [INFO]: HTTP Server listening on port 9098
09/07/2024 14:50:49 [INFO]: HTTP Server listening on port 9098
09/07/2024 14:52:08 [INFO]: HTTP Server listening on port 9098
09/07/2024 15:06:04 [INFO]: HTTP Server listening on port 9098
09/07/2024 15:06:34 [INFO]: HTTP Server listening on port 9098
09/07/2024 15:10:28 [INFO]: HTTP Server listening on port 9098
09/07/2024 15:10:44 [ERROR]: Error updating user profile: Error: data must be a string or Buffer and salt must either be a salt string or a number of rounds
09/07/2024 15:11:48 [INFO]: HTTP Server listening on port 9098
09/07/2024 15:18:01 [INFO]: HTTP Server listening on port 9098
09/07/2024 15:24:58 [INFO]: HTTP Server listening on port 9098
09/07/2024 15:25:20 [INFO]: HTTP Server listening on port 9098
09/07/2024 15:27:00 [INFO]: HTTP Server listening on port 9098
09/07/2024 15:28:07 [INFO]: HTTP Server listening on port 9098
09/07/2024 15:31:23 [INFO]: HTTP Server listening on port 9098
09/07/2024 15:32:37 [INFO]: HTTP Server listening on port 9098
09/07/2024 15:32:53 [INFO]: HTTP Server listening on port 9098
09/07/2024 15:34:01 [INFO]: HTTP Server listening on port 9098
09/07/2024 15:45:09 [INFO]: HTTP Server listening on port 9098
09/07/2024 15:45:30 [INFO]: HTTP Server listening on port 9098
09/07/2024 15:45:38 [INFO]: HTTP Server listening on port 9098
09/07/2024 15:45:46 [INFO]: HTTP Server listening on port 9098
09/07/2024 15:45:53 [INFO]: HTTP Server listening on port 9098
09/07/2024 15:46:11 [INFO]: HTTP Server listening on port 9098
09/07/2024 15:47:10 [INFO]: HTTP Server listening on port 9098
09/07/2024 15:48:53 [INFO]: HTTP Server listening on port 9098
09/07/2024 15:58:32 [INFO]: HTTP Server listening on port 9098
09/07/2024 16:00:56 [INFO]: HTTP Server listening on port 9098
09/07/2024 16:08:56 [INFO]: HTTP Server listening on port 9098
09/07/2024 16:10:22 [INFO]: HTTP Server listening on port 9098
09/07/2024 16:13:03 [INFO]: HTTP Server listening on port 9098
09/07/2024 16:16:03 [INFO]: HTTP Server listening on port 9098
09/07/2024 16:18:25 [INFO]: HTTP Server listening on port 9098
09/07/2024 16:22:51 [INFO]: HTTP Server listening on port 9098
09/07/2024 16:31:19 [INFO]: HTTP Server listening on port 9098
09/07/2024 16:45:10 [INFO]: HTTP Server listening on port 9098
09/07/2024 16:46:55 [INFO]: HTTP Server listening on port 9098
09/07/2024 16:47:23 [INFO]: HTTP Server listening on port 9098
09/07/2024 16:50:00 [INFO]: HTTP Server listening on port 9098
09/07/2024 16:50:33 [INFO]: HTTP Server listening on port 9098
09/07/2024 16:56:09 [INFO]: HTTP Server listening on port 9098
09/07/2024 16:56:37 [INFO]: HTTP Server listening on port 9098
09/07/2024 16:56:53 [INFO]: HTTP Server listening on port 9098
09/07/2024 17:00:20 [INFO]: HTTP Server listening on port 9098
09/07/2024 17:01:41 [INFO]: HTTP Server listening on port 9098
